<?xml version="1.0" encoding="UTF-8"?>
<testsuite name="com.nabinshrestha.ApplicationTest" tests="1" skipped="0" failures="1" errors="0" timestamp="2021-11-19T06:27:52" hostname="Nabins-MacBook-Pro.local" time="0.445">
  <properties/>
  <testcase name="testRoot" classname="com.nabinshrestha.ApplicationTest" time="0.445">
    <failure message="java.lang.NoSuchMethodError: java.nio.ByteBuffer.limit(I)Ljava/nio/ByteBuffer;" type="java.lang.NoSuchMethodError">java.lang.NoSuchMethodError: java.nio.ByteBuffer.limit(I)Ljava/nio/ByteBuffer;
	at io.ktor.utils.io.ByteBufferChannel.prepareBuffer(ByteBufferChannel.kt:231)
	at io.ktor.utils.io.ByteBufferChannel.setupStateForWrite$ktor_io(ByteBufferChannel.kt:285)
	at io.ktor.utils.io.ByteBufferChannel.writeAsMuchAsPossible(ByteBufferChannel.kt:3487)
	at io.ktor.utils.io.ByteBufferChannel.writeFully$suspendImpl(ByteBufferChannel.kt:1425)
	at io.ktor.utils.io.ByteBufferChannel.writeFully(ByteBufferChannel.kt)
	at io.ktor.utils.io.ByteWriteChannelKt.writeFully(ByteWriteChannel.kt:152)
	at io.ktor.server.engine.BaseApplicationResponse$respondFromBytes$3$1.invokeSuspend(BaseApplicationResponse.kt:191)
	at ???(Coroutine boundary.?(?)
	at io.ktor.server.engine.DefaultTransformKt$installDefaultTransformations$1.invokeSuspend(DefaultTransform.kt:35)
	at com.nabinshrestha.plugins.RoutingKt$configureRouting$1$1.invokeSuspend(Routing.kt:13)
	at io.ktor.routing.Routing.executeResult(Routing.kt:154)
	at io.ktor.routing.Routing$Feature$install$1.invokeSuspend(Routing.kt:107)
	at io.ktor.server.testing.TestApplicationEngine$callInterceptor$1.invokeSuspend(TestApplicationEngine.kt:296)
	at io.ktor.server.testing.TestApplicationEngine$2.invokeSuspend(TestApplicationEngine.kt:50)
	at io.ktor.server.testing.TestApplicationEngine$handleRequest$pipelineJob$1.invokeSuspend(TestApplicationEngine.kt:295)
	at io.ktor.server.testing.TestApplicationEngine$handleRequest$1.invokeSuspend(TestApplicationEngine.kt:153)
Caused by: java.lang.NoSuchMethodError: java.nio.ByteBuffer.limit(I)Ljava/nio/ByteBuffer;
	at io.ktor.utils.io.ByteBufferChannel.prepareBuffer(ByteBufferChannel.kt:231)
	at io.ktor.utils.io.ByteBufferChannel.setupStateForWrite$ktor_io(ByteBufferChannel.kt:285)
	at io.ktor.utils.io.ByteBufferChannel.writeAsMuchAsPossible(ByteBufferChannel.kt:3487)
	at io.ktor.utils.io.ByteBufferChannel.writeFully$suspendImpl(ByteBufferChannel.kt:1425)
	at io.ktor.utils.io.ByteBufferChannel.writeFully(ByteBufferChannel.kt)
	at io.ktor.utils.io.ByteWriteChannelKt.writeFully(ByteWriteChannel.kt:152)
	at io.ktor.server.engine.BaseApplicationResponse$respondFromBytes$3$1.invokeSuspend(BaseApplicationResponse.kt:191)
	at kotlin.coroutines.jvm.internal.BaseContinuationImpl.resumeWith(ContinuationImpl.kt:33)
	at kotlinx.coroutines.internal.DispatchedContinuationKt.resumeCancellableWith(DispatchedContinuation.kt:367)
	at kotlinx.coroutines.intrinsics.CancellableKt.startCoroutineCancellable(Cancellable.kt:30)
	at kotlinx.coroutines.BuildersKt__Builders_commonKt.startCoroutineImpl(Builders.common.kt:192)
	at kotlinx.coroutines.BuildersKt.startCoroutineImpl(Unknown Source)
	at kotlinx.coroutines.AbstractCoroutine.start(AbstractCoroutine.kt:134)
	at kotlinx.coroutines.BuildersKt__Builders_commonKt.withContext(Builders.common.kt:170)
	at kotlinx.coroutines.BuildersKt.withContext(Unknown Source)
	at io.ktor.server.engine.BaseApplicationResponse.respondFromBytes$suspendImpl(BaseApplicationResponse.kt:190)
	at io.ktor.server.engine.BaseApplicationResponse.respondFromBytes(BaseApplicationResponse.kt)
	at io.ktor.server.engine.BaseApplicationResponse.respondOutgoingContent$suspendImpl(BaseApplicationResponse.kt:117)
	at io.ktor.server.engine.BaseApplicationResponse.respondOutgoingContent(BaseApplicationResponse.kt)
	at io.ktor.server.testing.TestApplicationResponse.respondOutgoingContent(TestApplicationResponse.kt:113)
	at io.ktor.server.engine.BaseApplicationResponse$Companion$setupSendPipeline$1.invokeSuspend(BaseApplicationResponse.kt:320)
	at io.ktor.server.engine.BaseApplicationResponse$Companion$setupSendPipeline$1.invoke(BaseApplicationResponse.kt)
	at io.ktor.server.engine.BaseApplicationResponse$Companion$setupSendPipeline$1.invoke(BaseApplicationResponse.kt)
	at io.ktor.util.pipeline.SuspendFunctionGun.loop(SuspendFunctionGun.kt:248)
	at io.ktor.util.pipeline.SuspendFunctionGun.proceed(SuspendFunctionGun.kt:116)
	at io.ktor.util.pipeline.SuspendFunctionGun.proceedWith(SuspendFunctionGun.kt:126)
	at io.ktor.server.engine.DefaultTransformKt$installDefaultTransformations$1.invokeSuspend(DefaultTransform.kt:35)
	at io.ktor.server.engine.DefaultTransformKt$installDefaultTransformations$1.invoke(DefaultTransform.kt)
	at io.ktor.server.engine.DefaultTransformKt$installDefaultTransformations$1.invoke(DefaultTransform.kt)
	at io.ktor.util.pipeline.SuspendFunctionGun.loop(SuspendFunctionGun.kt:248)
	at io.ktor.util.pipeline.SuspendFunctionGun.proceed(SuspendFunctionGun.kt:116)
	at io.ktor.util.pipeline.SuspendFunctionGun.execute(SuspendFunctionGun.kt:136)
	at io.ktor.util.pipeline.Pipeline.execute(Pipeline.kt:78)
	at io.ktor.response.ApplicationResponseFunctionsKt.respondText(ApplicationResponseFunctions.kt:267)
	at io.ktor.response.ApplicationResponseFunctionsKt.respondText$default(ApplicationResponseFunctions.kt:87)
	at com.nabinshrestha.plugins.RoutingKt$configureRouting$1$1.invokeSuspend(Routing.kt:13)
	at com.nabinshrestha.plugins.RoutingKt$configureRouting$1$1.invoke(Routing.kt)
	at com.nabinshrestha.plugins.RoutingKt$configureRouting$1$1.invoke(Routing.kt)
	at io.ktor.util.pipeline.SuspendFunctionGun.loop(SuspendFunctionGun.kt:248)
	at io.ktor.util.pipeline.SuspendFunctionGun.proceed(SuspendFunctionGun.kt:116)
	at io.ktor.util.pipeline.SuspendFunctionGun.execute(SuspendFunctionGun.kt:136)
	at io.ktor.util.pipeline.Pipeline.execute(Pipeline.kt:78)
	at io.ktor.routing.Routing.executeResult(Routing.kt:155)
	at io.ktor.routing.Routing.interceptor(Routing.kt:39)
	at io.ktor.routing.Routing$Feature$install$1.invokeSuspend(Routing.kt:107)
	at io.ktor.routing.Routing$Feature$install$1.invoke(Routing.kt)
	at io.ktor.routing.Routing$Feature$install$1.invoke(Routing.kt)
	at io.ktor.util.pipeline.SuspendFunctionGun.loop(SuspendFunctionGun.kt:248)
	at io.ktor.util.pipeline.SuspendFunctionGun.proceed(SuspendFunctionGun.kt:116)
	at io.ktor.util.pipeline.SuspendFunctionGun.execute(SuspendFunctionGun.kt:136)
	at io.ktor.util.pipeline.Pipeline.execute(Pipeline.kt:78)
	at io.ktor.server.testing.TestApplicationEngine$callInterceptor$1.invokeSuspend(TestApplicationEngine.kt:296)
	at io.ktor.server.testing.TestApplicationEngine$callInterceptor$1.invoke(TestApplicationEngine.kt)
	at io.ktor.server.testing.TestApplicationEngine$callInterceptor$1.invoke(TestApplicationEngine.kt)
	at io.ktor.server.testing.TestApplicationEngine$2.invokeSuspend(TestApplicationEngine.kt:50)
	at io.ktor.server.testing.TestApplicationEngine$2.invoke(TestApplicationEngine.kt)
	at io.ktor.server.testing.TestApplicationEngine$2.invoke(TestApplicationEngine.kt)
	at io.ktor.util.pipeline.SuspendFunctionGun.loop(SuspendFunctionGun.kt:248)
	at io.ktor.util.pipeline.SuspendFunctionGun.proceed(SuspendFunctionGun.kt:116)
	at io.ktor.util.pipeline.SuspendFunctionGun.execute(SuspendFunctionGun.kt:136)
	at io.ktor.util.pipeline.Pipeline.execute(Pipeline.kt:78)
	at io.ktor.server.testing.TestApplicationEngine$handleRequest$pipelineJob$1.invokeSuspend(TestApplicationEngine.kt:295)
	at kotlin.coroutines.jvm.internal.BaseContinuationImpl.resumeWith(ContinuationImpl.kt:33)
	at kotlinx.coroutines.DispatchedTask.run(DispatchedTask.kt:106)
	at kotlinx.coroutines.scheduling.CoroutineScheduler.runSafely(CoroutineScheduler.kt:571)
	at kotlinx.coroutines.scheduling.CoroutineScheduler$Worker.executeTask(CoroutineScheduler.kt:750)
	at kotlinx.coroutines.scheduling.CoroutineScheduler$Worker.runWorker(CoroutineScheduler.kt:678)
	at kotlinx.coroutines.scheduling.CoroutineScheduler$Worker.run(CoroutineScheduler.kt:665)
</failure>
  </testcase>
  <system-out><![CDATA[2021-11-19 12:12:52.255 [Test worker] INFO  ktor.test - Autoreload is disabled because the development mode is off.
2021-11-19 12:12:52.266 [Test worker] INFO  ktor.test - Application started in 0.069 seconds.
]]></system-out>
  <system-err><![CDATA[]]></system-err>
</testsuite>
